{"name": "test_drag_and_drop", "status": "failed", "statusDetails": {"message": "AssertionError: Drag and drop failed\nassert 'Drop here' == 'Dropped!'\n  \n  \u001b[0m\u001b[91m- Dropped!\u001b[39;49;00m\u001b[90m\u001b[39;49;00m\n  \u001b[92m+ Drop here\u001b[39;49;00m\u001b[90m\u001b[39;49;00m", "trace": "def test_drag_and_drop():\n        driver = get_driver(\"chrome\")\n        page = DemoQADragDrop(driver)\n        page.open_url(\"https://demoqa.com/droppable\")\n    \n        page.perform_drag_and_drop()\n>       assert page.get_drop_text() == \"Dropped!\", \"Drag and drop failed\"\nE       AssertionError: Drag and drop failed\nE       assert 'Drop here' == 'Dropped!'\nE         \nE         \u001b[0m\u001b[91m- Dropped!\u001b[39;49;00m\u001b[90m\u001b[39;49;00m\nE         \u001b[92m+ Drop here\u001b[39;49;00m\u001b[90m\u001b[39;49;00m\n\ntests\\test_drag_drop.py:11: AssertionError"}, "start": 1761049686516, "stop": 1761049707148, "uuid": "edbd1159-9fa0-4683-9005-1f2d803cde46", "historyId": "b54852371caffb3a73b23909cbfbe4d4", "testCaseId": "b54852371caffb3a73b23909cbfbe4d4", "fullName": "tests.test_drag_drop#test_drag_and_drop", "labels": [{"name": "parentSuite", "value": "tests"}, {"name": "suite", "value": "test_drag_drop"}, {"name": "host", "value": "ASCENDI-1GUJSNA"}, {"name": "thread", "value": "12136-MainThread"}, {"name": "framework", "value": "pytest"}, {"name": "language", "value": "cpython3"}, {"name": "package", "value": "tests.test_drag_drop"}], "titlePath": ["tests", "test_drag_drop.py"]}