{"name": "test_login_logout[data0-chrome]", "status": "failed", "statusDetails": {"message": "AssertionError: Login failed for user VaishnaviK123\nassert False", "trace": "browser_name = 'chrome', data = {'password': 'Vaishu@123', 'username': 'VaishnaviK123'}\n\n    @pytest.mark.parametrize(\"browser_name\", [\"chrome\", \"edge\"])\n    @pytest.mark.parametrize(\"data\", login_data)\n    def test_login_logout(browser_name, data):\n        # Get driver for the current browser\n        driver = DriverFactory.get_driver(browser_name=browser_name, headless=False)\n    \n        login_page = DemoBlazeLogin(driver)\n        login_page.open_url(\"https://www.demoblaze.com/\")\n    \n        success = login_page.login(data['username'], data['password'])\n>       assert success, f\"Login failed for user {data['username']}\"\nE       AssertionError: Login failed for user VaishnaviK123\nE       assert False\n\ntests\\test_login.py:53: AssertionError"}, "attachments": [{"name": "stdout", "source": "146f9a9c-63e6-4fd8-aee7-c6187a920526-attachment.txt", "type": "text/plain"}], "parameters": [{"name": "data", "value": "{'username': 'VaishnaviK123', 'password': 'Vaishu@123'}"}, {"name": "browser_name", "value": "'chrome'"}], "start": 1761124451641, "stop": 1761124486922, "uuid": "ba78219b-fe1f-4910-af06-15548940e852", "historyId": "08c892752312637e60f78927c03310d7", "testCaseId": "6f094f1072d1893526f27bf612c16636", "fullName": "tests.test_login#test_login_logout", "labels": [{"name": "parentSuite", "value": "tests"}, {"name": "suite", "value": "test_login"}, {"name": "host", "value": "ASCENDI-1GUJSNA"}, {"name": "thread", "value": "2564-MainThread"}, {"name": "framework", "value": "pytest"}, {"name": "language", "value": "cpython3"}, {"name": "package", "value": "tests.test_login"}], "titlePath": ["tests", "test_login.py"]}