{"name": "test_login_logout[data1-edge]", "status": "failed", "statusDetails": {"message": "AssertionError: Login failed for user TestUser\nassert False", "trace": "browser_name = 'edge', data = {'password': 'Test@123', 'username': 'TestUser'}\n\n    @pytest.mark.parametrize(\"browser_name\", [\"chrome\", \"edge\"])\n    @pytest.mark.parametrize(\"data\", login_data)\n    def test_login_logout(browser_name, data):\n        # Get driver for the current browser\n        driver = DriverFactory.get_driver(browser_name=browser_name, headless=False)\n    \n        login_page = DemoBlazeLogin(driver)\n        login_page.open_url(\"https://www.demoblaze.com/\")\n    \n        success = login_page.login(data['username'], data['password'])\n>       assert success, f\"Login failed for user {data['username']}\"\nE       AssertionError: Login failed for user TestUser\nE       assert False\n\ntests\\test_login.py:53: AssertionError"}, "attachments": [{"name": "stdout", "source": "93de4d81-3cf4-436f-8d1e-f6ecadd06f78-attachment.txt", "type": "text/plain"}], "parameters": [{"name": "data", "value": "{'username': 'TestUser', 'password': 'Test@123'}"}, {"name": "browser_name", "value": "'edge'"}], "start": 1761124530285, "stop": 1761124548420, "uuid": "6472b14e-3f51-4986-a605-bacf30586297", "historyId": "01268ce4d69da7cf97d819af0a9c7b18", "testCaseId": "6f094f1072d1893526f27bf612c16636", "fullName": "tests.test_login#test_login_logout", "labels": [{"name": "parentSuite", "value": "tests"}, {"name": "suite", "value": "test_login"}, {"name": "host", "value": "ASCENDI-1GUJSNA"}, {"name": "thread", "value": "2564-MainThread"}, {"name": "framework", "value": "pytest"}, {"name": "language", "value": "cpython3"}, {"name": "package", "value": "tests.test_login"}], "titlePath": ["tests", "test_login.py"]}