{"uid":"cbd893c896e84c6d","name":"test_drag_and_drop","fullName":"tests.test_drag_drop#test_drag_and_drop","historyId":"b54852371caffb3a73b23909cbfbe4d4","time":{"start":1761049686516,"stop":1761049707148,"duration":20632},"status":"failed","statusMessage":"AssertionError: Drag and drop failed\nassert 'Drop here' == 'Dropped!'\n  \n  \u001B[0m\u001B[91m- Dropped!\u001B[39;49;00m\u001B[90m\u001B[39;49;00m\n  \u001B[92m+ Drop here\u001B[39;49;00m\u001B[90m\u001B[39;49;00m","statusTrace":"def test_drag_and_drop():\n        driver = get_driver(\"chrome\")\n        page = DemoQADragDrop(driver)\n        page.open_url(\"https://demoqa.com/droppable\")\n    \n        page.perform_drag_and_drop()\n>       assert page.get_drop_text() == \"Dropped!\", \"Drag and drop failed\"\nE       AssertionError: Drag and drop failed\nE       assert 'Drop here' == 'Dropped!'\nE         \nE         \u001B[0m\u001B[91m- Dropped!\u001B[39;49;00m\u001B[90m\u001B[39;49;00m\nE         \u001B[92m+ Drop here\u001B[39;49;00m\u001B[90m\u001B[39;49;00m\n\ntests\\test_drag_drop.py:11: AssertionError","flaky":false,"newFailed":false,"newBroken":false,"newPassed":false,"retriesCount":0,"retriesStatusChange":false,"beforeStages":[],"afterStages":[],"labels":[{"name":"parentSuite","value":"tests"},{"name":"suite","value":"test_drag_drop"},{"name":"host","value":"ASCENDI-1GUJSNA"},{"name":"thread","value":"12136-MainThread"},{"name":"framework","value":"pytest"},{"name":"language","value":"cpython3"},{"name":"package","value":"tests.test_drag_drop"},{"name":"resultFormat","value":"allure2"}],"parameters":[],"links":[],"hidden":false,"retry":false,"extra":{"severity":"normal","retries":[],"categories":[{"name":"Product defects","matchedStatuses":[]}],"tags":[]},"source":"cbd893c896e84c6d.json","parameterValues":[]}