{"uid":"c4ad39d2bb5bc6b8","name":"test_drag_and_drop[chrome]","fullName":"tests.test_drag_drop#test_drag_and_drop","historyId":"6efcf6f134ac862ef9948f3a837d0c46","time":{"start":1761124191737,"stop":1761124209833,"duration":18096},"status":"failed","statusMessage":"AssertionError: Drag and drop failed\nassert 'Drop here' == 'Dropped!'\n  \n  \u001B[0m\u001B[91m- Dropped!\u001B[39;49;00m\u001B[90m\u001B[39;49;00m\n  \u001B[92m+ Drop here\u001B[39;49;00m\u001B[90m\u001B[39;49;00m","statusTrace":"browser_name = 'chrome'\n\n    @pytest.mark.parametrize(\"browser_name\", [\"chrome\"])\n    def test_drag_and_drop(browser_name):\n        # Get the driver for the current browser\n        driver = DriverFactory.get_driver(browser_name=browser_name, headless=False)\n    \n        # Initialize the page object\n        page = DemoQADragDrop(driver)\n        page.open_url(\"https://demoqa.com/droppable\")\n    \n        # Perform drag and drop\n        page.perform_drag_and_drop()\n    \n        # Retry a few times to ensure the drop action was successful\n        for _ in range(5):\n            if page.get_drop_text() == \"Dropped!\":\n                break\n            time.sleep(0.5)\n    \n        # Assert that drag and drop was successful\n>       assert page.get_drop_text() == \"Dropped!\", \"Drag and drop failed\"\nE       AssertionError: Drag and drop failed\nE       assert 'Drop here' == 'Dropped!'\nE         \nE         \u001B[0m\u001B[91m- Dropped!\u001B[39;49;00m\u001B[90m\u001B[39;49;00m\nE         \u001B[92m+ Drop here\u001B[39;49;00m\u001B[90m\u001B[39;49;00m\n\ntests\\test_drag_drop.py:26: AssertionError","flaky":false,"newFailed":false,"newBroken":false,"newPassed":false,"retriesCount":1,"retriesStatusChange":true,"beforeStages":[],"afterStages":[],"labels":[{"name":"parentSuite","value":"tests"},{"name":"suite","value":"test_drag_drop"},{"name":"host","value":"ASCENDI-1GUJSNA"},{"name":"thread","value":"2564-MainThread"},{"name":"framework","value":"pytest"},{"name":"language","value":"cpython3"},{"name":"package","value":"tests.test_drag_drop"},{"name":"resultFormat","value":"allure2"}],"parameters":[{"name":"browser_name","value":"'chrome'"}],"links":[],"hidden":false,"retry":false,"extra":{"severity":"normal","retries":[{"uid":"79798da59cc3dd3","status":"passed","time":{"start":1761122170485,"stop":1761122203893,"duration":33408}}],"categories":[{"name":"Product defects","matchedStatuses":[]}],"tags":[]},"source":"c4ad39d2bb5bc6b8.json","parameterValues":["'chrome'"]}